
> ashare-recommend@0.1.0 build
> next build

▲ Next.js 16.2.10 (Turbopack)
- Environments: .env.local

  Creating an optimized production build ...
✓ Compiled successfully in 60s
  Running TypeScript ...
  Finished TypeScript in 7.9s ...
  Collecting page data using 7 workers ...
  Generating static pages using 7 workers (0/13) ...
  Generating static pages using 7 workers (3/13) 
  Generating static pages using 7 workers (6/13) 
  Generating static pages using 7 workers (9/13) 
✓ Generating static pages using 7 workers (13/13) in 679ms
  Finalizing page optimization ...

Route (app)
┌ ○ /
├ ○ /_not-found
├ ƒ /api/etf
├ ƒ /api/funds
├ ƒ /api/holdings
├ ƒ /api/recommend
├ ƒ /api/sectors
├ ƒ /api/stocks
├ ○ /etf
├ ○ /holdings
└ ○ /sectors


○  (Static)   prerendered as static content
ƒ  (Dynamic)  server-rendered on demand

